c:\str\labwork2\storage\x64\debug\vc143.pdb
c:\str\labwork2\storage\x64\debug\vc143.idb
c:\str\labwork2\storage\x64\debug\storage_lowlevel.obj
c:\str\labwork2\storage\x64\debug\storage_ini.obj
c:\str\labwork2\storage\x64\debug\sim_server.obj
c:\str\labwork2\storage\x64\debug\mongoose.obj
c:\str\labwork2\storage\x64\debug\interface.obj
c:\str\labwork2\storage\x64\debug\storage.ilk
c:\str\labwork2\storage\x64\debug\storage.dll
c:\str\labwork2\storage\x64\debug\storage.pdb
c:\str\labwork2\storage\x64\debug\storage.lib
c:\str\labwork2\storage\x64\debug\storage.exp
c:\str\labwork2\storage\x64\debug\storage.tlog\cl.command.1.tlog
c:\str\labwork2\storage\x64\debug\storage.tlog\cl.items.tlog
c:\str\labwork2\storage\x64\debug\storage.tlog\cl.read.1.tlog
c:\str\labwork2\storage\x64\debug\storage.tlog\cl.write.1.tlog
c:\str\labwork2\storage\x64\debug\storage.tlog\link.command.1.tlog
c:\str\labwork2\storage\x64\debug\storage.tlog\link.read.1.tlog
c:\str\labwork2\storage\x64\debug\storage.tlog\link.write.1.tlog
c:\str\labwork2\storage\x64\debug\storage.tlog\link.write.2u.tlog
